<?xml version="1.0" encoding="UTF-8"?>
<!-- Generated by org.testng.reporters.JUnitReportReporter -->
<testsuite hostname="DESKTOP-LUB2V8I" failures="0" tests="1" name="Web.TestCases.tListItems" time="3.155" errors="0" timestamp="2023-02-17T23:12:25 PST" skipped="0">
  <testcase classname="Web.TestCases.tListItems" name="ListItems" time="3.155"/>
  <system-out/>
</testsuite> <!-- Web.TestCases.tListItems -->
