<?xml version="1.0" encoding="UTF-8"?>
<!-- Generated by org.testng.reporters.JUnitReportReporter -->
<testsuite hostname="DESKTOP-LUB2V8I" failures="0" tests="2" name="RestAssured.DeleteTODO" time="1.907" errors="0" timestamp="2023-02-17T23:35:14 PST" skipped="0">
  <testcase classname="RestAssured.DeleteTODO" name="CreateTempTODO" time="1.007"/>
  <system-out/>
  <testcase classname="RestAssured.DeleteTODO" name="DeleteTODO" time="0.900"/>
  <system-out/>
</testsuite> <!-- RestAssured.DeleteTODO -->
