<?xml version="1.0" encoding="UTF-8"?>
<!-- Generated by org.testng.reporters.JUnitReportReporter -->
<testsuite hostname="DESKTOP-LUB2V8I" failures="0" tests="1" name="MYpackage.WeDriverTest" time="31.464" errors="0" timestamp="2023-02-17T08:57:49 PST" skipped="0">
  <testcase classname="MYpackage.WeDriverTest" name="mysetup" time="31.464"/>
  <system-out/>
</testsuite> <!-- MYpackage.WeDriverTest -->
