<?xml version="1.0" encoding="UTF-8"?>
<!-- Generated by org.testng.reporters.JUnitReportReporter -->
<testsuite hostname="DESKTOP-LUB2V8I" failures="0" tests="1" name="RestAssured.CreateTODO" time="0.437" errors="0" timestamp="2023-02-17T21:08:24 PST" skipped="0">
  <testcase classname="RestAssured.CreateTODO" name="CreateTODO" time="0.437"/>
  <system-out/>
</testsuite> <!-- RestAssured.CreateTODO -->
