<?xml version="1.0" encoding="UTF-8"?>
<!-- Generated by org.testng.reporters.JUnitReportReporter -->
<testsuite hostname="DESKTOP-LUB2V8I" failures="0" tests="1" name="RestAssured.HTTPRequests" time="1.223" errors="0" timestamp="2023-02-11T07:58:50 PST" skipped="0">
  <testcase classname="RestAssured.HTTPRequests" name="getUsers" time="1.223"/>
  <system-out/>
</testsuite> <!-- RestAssured.HTTPRequests -->
