<?xml version="1.0" encoding="UTF-8"?>
<!-- Generated by org.testng.reporters.JUnitReportReporter -->
<testsuite hostname="DESKTOP-LUB2V8I" failures="0" tests="2" name="RestAssured.Authenticate" time="3.328" errors="0" timestamp="2023-02-17T21:08:24 PST" skipped="0">
  <testcase classname="RestAssured.Authenticate" name="CheckInvalidAuth" time="0.539"/>
  <system-out/>
  <testcase classname="RestAssured.Authenticate" name="CheckAuth" time="2.789"/>
  <system-out/>
</testsuite> <!-- RestAssured.Authenticate -->
