<?xml version="1.0" encoding="UTF-8"?>
<!-- Generated by org.testng.reporters.JUnitReportReporter -->
<testsuite hostname="DESKTOP-LUB2V8I" failures="0" tests="1" name="Web.TestCases.tUpdateItem" time="1.148" errors="0" timestamp="2023-02-17T23:35:14 PST" skipped="0">
  <testcase classname="Web.TestCases.tUpdateItem" name="UpdateItemTest" time="1.148"/>
  <system-out/>
</testsuite> <!-- Web.TestCases.tUpdateItem -->
